<?xml version="1.0" encoding="UTF-8"?>
<!-- Generated by org.testng.reporters.JUnitXMLReporter -->
<testsuite hostname="dulitha-PC" name="Command line test" tests="3" failures="0" timestamp="12 Sep 2013 05:02:13 GMT" time="0.18" errors="0">
  <testcase name="testCalcBDay" time="0.124" classname="com.cse.nicanalyser.NICCalcTest"/>
  <testcase name="testCalcGender" time="0.001" classname="com.cse.nicanalyser.NICCalcTest"/>
  <testcase name="testCalcVoter" time="0.0" classname="com.cse.nicanalyser.NICCalcTest"/>
</testsuite> <!-- Command line test -->
