<?xml version="1.0" encoding="UTF-8"?>
<testng-results skipped="0" failed="0" total="3" passed="3">
  <reporter-output>
  </reporter-output>
  <suite name="com.cse.nicanalyser.NICCalcTest" duration-ms="180" started-at="2013-09-12T05:02:13Z" finished-at="2013-09-12T05:02:13Z">
    <groups>
    </groups>
    <test name="Command line test" duration-ms="180" started-at="2013-09-12T05:02:13Z" finished-at="2013-09-12T05:02:13Z">
      <class name="com.cse.nicanalyser.NICCalcTest">
        <test-method status="PASS" signature="setUp()[pri:0, instance:com.cse.nicanalyser.NICCalcTest@3741553a]" name="setUp" is-config="true" duration-ms="35" started-at="2013-09-12T10:32:13Z" finished-at="2013-09-12T10:32:13Z">
          <reporter-output>
          </reporter-output>
        </test-method> <!-- setUp -->
        <test-method status="PASS" signature="testCalcBDay()[pri:0, instance:com.cse.nicanalyser.NICCalcTest@3741553a]" name="testCalcBDay" duration-ms="124" started-at="2013-09-12T10:32:13Z" finished-at="2013-09-12T10:32:13Z">
          <reporter-output>
          </reporter-output>
        </test-method> <!-- testCalcBDay -->
        <test-method status="PASS" signature="testCalcGender()[pri:0, instance:com.cse.nicanalyser.NICCalcTest@3741553a]" name="testCalcGender" duration-ms="1" started-at="2013-09-12T10:32:13Z" finished-at="2013-09-12T10:32:13Z">
          <reporter-output>
          </reporter-output>
        </test-method> <!-- testCalcGender -->
        <test-method status="PASS" signature="testCalcVoter()[pri:0, instance:com.cse.nicanalyser.NICCalcTest@3741553a]" name="testCalcVoter" duration-ms="0" started-at="2013-09-12T10:32:13Z" finished-at="2013-09-12T10:32:13Z">
          <reporter-output>
          </reporter-output>
        </test-method> <!-- testCalcVoter -->
      </class> <!-- com.cse.nicanalyser.NICCalcTest -->
    </test> <!-- Command line test -->
  </suite> <!-- com.cse.nicanalyser.NICCalcTest -->
</testng-results>
